{"name": "test_login_negative", "status": "failed", "statusDetails": {"message": "AssertionError: Locator expected to contain text '['incorrect', 'nepareizs', 'nevernij']'\nActual value: ['The username or password is incorrect'] \nCall log:\n  - Expect \"to_contain_text\" with timeout 5000ms\n  - waiting for locator(\"[data-role='validationError']\")\n    9 × locator resolved to 1 element", "trace": "page = <Page url='https://www.optibet.lv/en/login'>\n\n    @allure.feature(\"Authentication\")\n    @allure.story(\"Login Negative Test\")\n    def test_login_negative(page):  #neg scenario 2\n        apply_stealth(page)\n    \n        home = HomePage(page)\n        home.navigate()\n        page.reload()\n        home.switch_language(\"EN\")\n    \n        login_page = LoginPage(page)\n        login_page.open_login_modal()\n        login_page.login(\"non_existent_user@gmail.com\", \"123\")\n>       login_page.verify_login_failed()\n\ntests\\test_scenarios.py:119: \n_ _ _ _ _ _ _ _ _ _ _ _ _ _ _ _ _ _ _ _ _ _ _ _ _ _ _ _ _ _ _ _ _ _ _ _ _ _ _ _ _ _ _ _ _ _ _ _ _ _ _ _ _ _ _ _ _ _ _ _ _ _ _ _ _ _ _ _ _ _ _ _ _ _ _ _ _ _ _ _ _ _ _ _ _ _ _ _ _ _ _ _ _ _ _ _ _ _ _ _ \n\nself = <pages.login_page.LoginPage object at 0x0000021D24F609E0>\n\n    @allure.step(\"Verify login failure message\")\n    def verify_login_failed(self):\n        error_elem = self.page.locator(self.login_error_msg)\n        expect(error_elem).to_be_visible()\n>       expect(error_elem).to_contain_text([\"incorrect\", \"nepareizs\", \"nevernij\"], ignore_case=True)\nE       AssertionError: Locator expected to contain text '['incorrect', 'nepareizs', 'nevernij']'\nE       Actual value: ['The username or password is incorrect'] \nE       Call log:\nE         - Expect \"to_contain_text\" with timeout 5000ms\nE         - waiting for locator(\"[data-role='validationError']\")\nE           9 × locator resolved to 1 element\n\npages\\login_page.py:33: AssertionError"}, "steps": [{"name": "Navigate to ''", "status": "passed", "steps": [{"name": "Handle Cookie Banner", "status": "passed", "start": 1763571224239, "stop": 1763571224487}], "parameters": [{"name": "path", "value": "''"}], "start": 1763571222745, "stop": 1763571224487}, {"name": "Switch language to 'EN'", "status": "passed", "steps": [{"name": "Handle Cookie Banner", "status": "passed", "start": 1763571225761, "stop": 1763571225781}, {"name": "Wait for element '[class*='language-menu__label']' to be visible", "status": "passed", "parameters": [{"name": "selector", "value": "'[class*='language-menu__label']'"}], "start": 1763571225781, "stop": 1763571225802}], "parameters": [{"name": "language_code", "value": "'EN'"}], "start": 1763571225760, "stop": 1763571229045}, {"name": "Open Login Form", "status": "passed", "steps": [{"name": "Handle Cookie Banner", "status": "passed", "start": 1763571229045, "stop": 1763571229063}, {"name": "Wait for element '[data-role='loginHeaderButton']' to be visible", "status": "passed", "parameters": [{"name": "selector", "value": "'[data-role='loginHeaderButton']'"}], "start": 1763571229063, "stop": 1763571229080}, {"name": "Wait for element '[data-role='loginEmailInput']' to be visible", "status": "passed", "parameters": [{"name": "selector", "value": "'[data-role='loginEmailInput']'"}], "start": 1763571230255, "stop": 1763571230265}], "start": 1763571229045, "stop": 1763571230265}, {"name": "Login with credentials", "status": "passed", "parameters": [{"name": "username", "value": "'non_existent_user@gmail.com'"}, {"name": "password", "value": "'123'"}], "start": 1763571230265, "stop": 1763571234889}, {"name": "Verify login failure message", "status": "failed", "statusDetails": {"message": "AssertionError: Locator expected to contain text '['incorrect', 'nepareizs', 'nevernij']'\nActual value: ['The username or password is incorrect'] \nCall log:\n  - Expect \"to_contain_text\" with timeout 5000ms\n  - waiting for locator(\"[data-role='validationError']\")\n    9 × locator resolved to 1 element\n\n", "trace": "  File \"S:\\playwright\\venv\\Lib\\site-packages\\allure_commons\\_allure.py\", line 202, in impl\n    return func(*a, **kw)\n           ^^^^^^^^^^^^^^\n  File \"S:\\playwright\\pages\\login_page.py\", line 33, in verify_login_failed\n    expect(error_elem).to_contain_text([\"incorrect\", \"nepareizs\", \"nevernij\"], ignore_case=True)\n  File \"S:\\playwright\\venv\\Lib\\site-packages\\playwright\\sync_api\\_generated.py\", line 19244, in to_contain_text\n    self._sync(\n  File \"S:\\playwright\\venv\\Lib\\site-packages\\playwright\\_impl\\_sync_base.py\", line 115, in _sync\n    return task.result()\n           ^^^^^^^^^^^^^\n  File \"S:\\playwright\\venv\\Lib\\site-packages\\playwright\\_impl\\_assertions.py\", line 211, in to_contain_text\n    await self._expect_impl(\n  File \"S:\\playwright\\venv\\Lib\\site-packages\\playwright\\_impl\\_assertions.py\", line 85, in _expect_impl\n    raise AssertionError(\n"}, "start": 1763571234889, "stop": 1763571239914}], "attachments": [{"name": "Failure: tests-test-scenarios-py-test-login-negative", "source": "71efca47-bb4c-4dc3-b54e-02a7fbfe2cc3-attachment.png", "type": "image/png"}], "start": 1763571222737, "stop": 1763571239915, "uuid": "8f0dc1bf-78f1-4da4-9182-ba1ef3c97a9c", "historyId": "dc429dee0a83d8feaccbd6d214250c3f", "testCaseId": "dc429dee0a83d8feaccbd6d214250c3f", "fullName": "tests.test_scenarios#test_login_negative", "labels": [{"name": "feature", "value": "Authentication"}, {"name": "story", "value": "Login Negative Test"}, {"name": "parentSuite", "value": "tests"}, {"name": "suite", "value": "test_scenarios"}, {"name": "host", "value": "DESKTOP-4T6GP28"}, {"name": "thread", "value": "202216-MainThread"}, {"name": "framework", "value": "pytest"}, {"name": "language", "value": "cpython3"}, {"name": "package", "value": "tests.test_scenarios"}], "titlePath": ["tests", "test_scenarios.py"]}