{"name": "test_header_language_switching", "status": "failed", "statusDetails": {"message": "AssertionError: Locator expected to be visible\nActual value: None\nError: element(s) not found \nCall log:\n  - Expect \"to_be_visible\" with timeout 5000ms\n  - waiting for locator(\"a[href='/']\").first", "trace": "page = <Page url='https://www.optibet.lv/'>\n\n    @allure.feature(\"Header Navigation\")\n    @allure.story(\"Language Switcher\")\n    @allure.severity(allure.severity_level.CRITICAL)\n    def test_header_language_switching(page):\n        home = HomePage(page)\n        home.navigate()\n>       home.verify_header_elements()\n\ntests\\test_scenarios.py:14: \n_ _ _ _ _ _ _ _ _ _ _ _ _ _ _ _ _ _ _ _ _ _ _ _ _ _ _ _ _ _ _ _ _ _ _ _ _ _ _ _ _ _ _ _ _ _ _ _ _\n\nself = <pages.home_page.HomePage object at 0x000001EFCA0C62D0>\n\n    @allure.step(\"Verify Header Elements are visible\")\n    def verify_header_elements(self):\n>       expect(self.page.locator(self.logo).first).to_be_visible()\nE       AssertionError: Locator expected to be visible\nE       Actual value: None\nE       Error: element(s) not found \nE       Call log:\nE         - Expect \"to_be_visible\" with timeout 5000ms\nE         - waiting for locator(\"a[href='/']\").first\n\npages\\home_page.py:19: AssertionError"}, "steps": [{"name": "Navigate to ''", "status": "passed", "parameters": [{"name": "path", "value": "''"}], "start": 1763561618558, "stop": 1763561618624}, {"name": "Verify Header Elements are visible", "status": "failed", "statusDetails": {"message": "AssertionError: Locator expected to be visible\nActual value: None\nError: element(s) not found \nCall log:\n  - Expect \"to_be_visible\" with timeout 5000ms\n  - waiting for locator(\"a[href='/']\").first\n\n", "trace": "  File \"S:\\playwright\\venv\\Lib\\site-packages\\allure_commons\\_allure.py\", line 202, in impl\n    return func(*a, **kw)\n           ^^^^^^^^^^^^^^\n  File \"S:\\playwright\\pages\\home_page.py\", line 19, in verify_header_elements\n    expect(self.page.locator(self.logo).first).to_be_visible()\n  File \"S:\\playwright\\venv\\Lib\\site-packages\\playwright\\sync_api\\_generated.py\", line 20454, in to_be_visible\n    self._sync(self._impl_obj.to_be_visible(visible=visible, timeout=timeout))\n  File \"S:\\playwright\\venv\\Lib\\site-packages\\playwright\\_impl\\_sync_base.py\", line 115, in _sync\n    return task.result()\n           ^^^^^^^^^^^^^\n  File \"S:\\playwright\\venv\\Lib\\site-packages\\playwright\\_impl\\_assertions.py\", line 765, in to_be_visible\n    await self._expect_impl(\n  File \"S:\\playwright\\venv\\Lib\\site-packages\\playwright\\_impl\\_assertions.py\", line 85, in _expect_impl\n    raise AssertionError(\n"}, "start": 1763561618624, "stop": 1763561623636}], "attachments": [{"name": "Failure Screenshot: tests-test-scenarios-py-test-header-language-switching", "source": "1437a20c-6e2b-4956-a448-01e85747f9d5-attachment.png", "type": "image/png"}], "start": 1763561618557, "stop": 1763561623637, "uuid": "6470fb28-f5f0-4afb-8981-df116fcbf2df", "historyId": "8a5ec20c8e427944db53c145e73c00f7", "testCaseId": "8a5ec20c8e427944db53c145e73c00f7", "fullName": "tests.test_scenarios#test_header_language_switching", "labels": [{"name": "story", "value": "Language Switcher"}, {"name": "feature", "value": "Header Navigation"}, {"name": "severity", "value": "critical"}, {"name": "parentSuite", "value": "tests"}, {"name": "suite", "value": "test_scenarios"}, {"name": "host", "value": "DESKTOP-4T6GP28"}, {"name": "thread", "value": "168480-MainThread"}, {"name": "framework", "value": "pytest"}, {"name": "language", "value": "cpython3"}, {"name": "package", "value": "tests.test_scenarios"}], "titlePath": ["tests", "test_scenarios.py"]}