{"name": "test_promotions_filtering", "status": "failed", "statusDetails": {"message": "AssertionError: No promotion cards found!", "trace": "page = <Page url='https://www.optibet.lv/promotions'>\n\n    @allure.feature(\"Promotions\")\n    @allure.story(\"Filter Promotions\")\n    def test_promotions_filtering(page):\n        promo_page = PromotionsPage(page)\n        promo_page.open()\n        promo_page.filter_by(\"Casino\")\n>       promo_page.verify_promotions_list()\n\ntests\\test_scenarios.py:30: \n_ _ _ _ _ _ _ _ _ _ _ _ _ _ _ _ _ _ _ _ _ _ _ _ _ _ _ _ _ _ _ _ _ _ _ _ _ _ _ _ _ _ _ _ _ _ _ _ _\n\nself = <pages.promotions_page.PromotionsPage object at 0x000002388BF470B0>\n\n    @allure.step(\"Verify promotion cards are displayed and valid\")\n    def verify_promotions_list(self):\n        # Wait for ANY promotion card to appear\n        try:\n            self.page.wait_for_selector(self.promo_cards, timeout=10000)\n        except:\n            pass # Assertion below will catch it\n    \n        count = self.page.locator(self.promo_cards).count()\n>       assert count > 0, \"No promotion cards found!\"\n               ^^^^^^^^^\nE       AssertionError: No promotion cards found!\n\npages\\promotions_page.py:37: AssertionError"}, "steps": [{"name": "Navigate to Promotions Page", "status": "passed", "steps": [{"name": "Navigate to '/promotions'", "status": "passed", "steps": [{"name": "Handle Cookie Banner", "status": "passed", "start": 1763562848054, "stop": 1763562848215}], "parameters": [{"name": "path", "value": "'/promotions'"}], "start": 1763562847327, "stop": 1763562848215}], "start": 1763562847327, "stop": 1763562848215}, {"name": "Filter promotions by 'Casino'", "status": "passed", "parameters": [{"name": "category", "value": "'Casino'"}], "start": 1763562848215, "stop": 1763562865539}, {"name": "Verify promotion cards are displayed and valid", "status": "failed", "statusDetails": {"message": "AssertionError: No promotion cards found!\n", "trace": "  File \"S:\\playwright\\venv\\Lib\\site-packages\\allure_commons\\_allure.py\", line 202, in impl\n    return func(*a, **kw)\n           ^^^^^^^^^^^^^^\n  File \"S:\\playwright\\pages\\promotions_page.py\", line 37, in verify_promotions_list\n    assert count > 0, \"No promotion cards found!\"\n           ^^^^^^^^^\n"}, "start": 1763562865539, "stop": 1763562875552}], "attachments": [{"name": "Failure: tests-test-scenarios-py-test-promotions-filtering", "source": "6452ae38-40c3-4e4b-937c-d537c09b3e43-attachment.png", "type": "image/png"}], "start": 1763562847327, "stop": 1763562875553, "uuid": "7011ce48-d65a-43e5-9927-1cd0be77b750", "historyId": "cfd888ea12c415420fb92ad2ccc7d199", "testCaseId": "cfd888ea12c415420fb92ad2ccc7d199", "fullName": "tests.test_scenarios#test_promotions_filtering", "labels": [{"name": "feature", "value": "Promotions"}, {"name": "story", "value": "Filter Promotions"}, {"name": "parentSuite", "value": "tests"}, {"name": "suite", "value": "test_scenarios"}, {"name": "host", "value": "DESKTOP-4T6GP28"}, {"name": "thread", "value": "172780-MainThread"}, {"name": "framework", "value": "pytest"}, {"name": "language", "value": "cpython3"}, {"name": "package", "value": "tests.test_scenarios"}], "titlePath": ["tests", "test_scenarios.py"]}