{"name": "test_login_negative", "status": "failed", "statusDetails": {"message": "AssertionError: Locator expected to contain text '['incorrect', 'nepareizs', 'nevernij']'\nActual value: ['The username or password is incorrect'] \nCall log:\n  - Expect \"to_contain_text\" with timeout 5000ms\n  - waiting for locator(\"[data-role='validationError']\")\n    9 × locator resolved to 1 element", "trace": "page = <Page url='https://www.optibet.lv/en/login'>\n\n    @allure.feature(\"Authentication\")\n    @allure.story(\"Login Negative Test\")\n    def test_login_negative(page):\n        apply_stealth(page)\n        home = HomePage(page)\n        home.navigate()\n        page.reload()\n        home.switch_language(\"EN\")\n        login_page = LoginPage(page)\n        login_page.open_login_modal()\n        login_page.login(\"non_existent_user@fake.com\", \"WrongPass123!\")\n>       login_page.verify_login_failed()\n\ntests\\test_scenarios.py:135: \n_ _ _ _ _ _ _ _ _ _ _ _ _ _ _ _ _ _ _ _ _ _ _ _ _ _ _ _ _ _ _ _ _ _ _ _ _ _ _ _ _ _ _ _ _ _ _ _ _ _ _ _ _ _ _ _ _ _ _ _ _ _ _ _ _ _ _ _ _ _ _ _ _ _ _ _ _ _ _ _ _\n\nself = <pages.login_page.LoginPage object at 0x000002D66F5D3EF0>\n\n    @allure.step(\"Verify login failure message\")\n    def verify_login_failed(self):\n        error_elem = self.page.locator(self.login_error_msg)\n        expect(error_elem).to_be_visible()\n>       expect(error_elem).to_contain_text([\"incorrect\", \"nepareizs\", \"nevernij\"], ignore_case=True)\nE       AssertionError: Locator expected to contain text '['incorrect', 'nepareizs', 'nevernij']'\nE       Actual value: ['The username or password is incorrect'] \nE       Call log:\nE         - Expect \"to_contain_text\" with timeout 5000ms\nE         - waiting for locator(\"[data-role='validationError']\")\nE           9 × locator resolved to 1 element\n\npages\\login_page.py:33: AssertionError"}, "steps": [{"name": "Navigate to ''", "status": "passed", "steps": [{"name": "Handle Cookie Banner", "status": "passed", "start": 1763644203399, "stop": 1763644203582}], "parameters": [{"name": "path", "value": "''"}], "start": 1763644200896, "stop": 1763644203582}, {"name": "Switch language to 'EN'", "status": "passed", "steps": [{"name": "Handle Cookie Banner", "status": "passed", "start": 1763644204873, "stop": 1763644204892}, {"name": "Wait for element '[class*='language-menu__label']' to be visible", "status": "passed", "parameters": [{"name": "selector", "value": "'[class*='language-menu__label']'"}], "start": 1763644204892, "stop": 1763644204913}], "parameters": [{"name": "language_code", "value": "'EN'"}], "start": 1763644204873, "stop": 1763644208156}, {"name": "Open Login Form", "status": "passed", "steps": [{"name": "Handle Cookie Banner", "status": "passed", "start": 1763644208156, "stop": 1763644208174}, {"name": "Wait for element '[data-role='loginHeaderButton']' to be visible", "status": "passed", "parameters": [{"name": "selector", "value": "'[data-role='loginHeaderButton']'"}], "start": 1763644208175, "stop": 1763644208190}, {"name": "Wait for element '[data-role='loginEmailInput']' to be visible", "status": "passed", "parameters": [{"name": "selector", "value": "'[data-role='loginEmailInput']'"}], "start": 1763644209352, "stop": 1763644209366}], "start": 1763644208156, "stop": 1763644209366}, {"name": "Login with credentials", "status": "passed", "parameters": [{"name": "username", "value": "'non_existent_user@fake.com'"}, {"name": "password", "value": "'WrongPass123!'"}], "start": 1763644209366, "stop": 1763644214012}, {"name": "Verify login failure message", "status": "failed", "statusDetails": {"message": "AssertionError: Locator expected to contain text '['incorrect', 'nepareizs', 'nevernij']'\nActual value: ['The username or password is incorrect'] \nCall log:\n  - Expect \"to_contain_text\" with timeout 5000ms\n  - waiting for locator(\"[data-role='validationError']\")\n    9 × locator resolved to 1 element\n\n", "trace": "  File \"S:\\playwright\\venv\\Lib\\site-packages\\allure_commons\\_allure.py\", line 202, in impl\n    return func(*a, **kw)\n           ^^^^^^^^^^^^^^\n  File \"S:\\playwright\\pages\\login_page.py\", line 33, in verify_login_failed\n    expect(error_elem).to_contain_text([\"incorrect\", \"nepareizs\", \"nevernij\"], ignore_case=True)\n  File \"S:\\playwright\\venv\\Lib\\site-packages\\playwright\\sync_api\\_generated.py\", line 19244, in to_contain_text\n    self._sync(\n  File \"S:\\playwright\\venv\\Lib\\site-packages\\playwright\\_impl\\_sync_base.py\", line 115, in _sync\n    return task.result()\n           ^^^^^^^^^^^^^\n  File \"S:\\playwright\\venv\\Lib\\site-packages\\playwright\\_impl\\_assertions.py\", line 211, in to_contain_text\n    await self._expect_impl(\n  File \"S:\\playwright\\venv\\Lib\\site-packages\\playwright\\_impl\\_assertions.py\", line 85, in _expect_impl\n    raise AssertionError(\n"}, "start": 1763644214013, "stop": 1763644219043}], "attachments": [{"name": "Failure: tests-test-scenarios-py-test-login-negative", "source": "c703b116-ac78-4f2e-ae5f-a195ca0c7925-attachment.png", "type": "image/png"}], "start": 1763644199315, "stop": 1763644219044, "uuid": "4969dab6-23d1-45f6-b3f2-ea1b629dcb2f", "historyId": "dc429dee0a83d8feaccbd6d214250c3f", "testCaseId": "dc429dee0a83d8feaccbd6d214250c3f", "fullName": "tests.test_scenarios#test_login_negative", "labels": [{"name": "story", "value": "Login Negative Test"}, {"name": "feature", "value": "Authentication"}, {"name": "parentSuite", "value": "tests"}, {"name": "suite", "value": "test_scenarios"}, {"name": "host", "value": "DESKTOP-4T6GP28"}, {"name": "thread", "value": "350616-MainThread"}, {"name": "framework", "value": "pytest"}, {"name": "language", "value": "cpython3"}, {"name": "package", "value": "tests.test_scenarios"}], "titlePath": ["tests", "test_scenarios.py"]}