{"name": "test_header_language_switching", "status": "failed", "statusDetails": {"message": "AssertionError: Locator expected to have text 'en'\nActual value: None\nError: element(s) not found \nCall log:\n  - Expect \"to_have_text\" with timeout 5000ms\n  - waiting for locator(\"[class*='language-menu__label']\")", "trace": "page = <Page url='https://www.optibet.lv/en'>\n\n    @allure.feature(\"Header Navigation\")\n    @allure.story(\"Language Switcher\")\n    @allure.severity(allure.severity_level.CRITICAL)\n    def test_header_language_switching(page):\n        home = HomePage(page)\n        print(\"STEP: HomePage initialized\")\n        home.navigate()\n        print(f\"STEP: Navigated to {page.url}\")\n        home.verify_header_elements()\n        print(\"STEP: Header elements verified\")\n        home.switch_language(\"EN\")\n        print(\"STEP: Switched language to EN\")\n>       home.verify_active_language(\"EN\")\n\ntests\\test_scenarios.py:20: \n_ _ _ _ _ _ _ _ _ _ _ _ _ _ _ _ _ _ _ _ _ _ _ _ _ _ _ _ _ _ _ _ _ _ _ _ _ _ _ _ _ _ _ _ _ _ _ _ _ _ _ _ _ _ _ _ _ _ _ _ _ _ _ _ _ _ _ _ _ _ _ _ _ _ _ _ _ _ _ _ _ _ _ _ _ _ _ _ _ _ _ _ _ _ _ _ _ _ _ _ \n\nself = <pages.home_page.HomePage object at 0x000001CD359AD4C0>, expected_lang = 'EN'\n\n    @allure.step(\"Verify active language is {expected_lang}\")\n    def verify_active_language(self, expected_lang):\n>       expect(self.page.locator(self.active_lang_display)).to_have_text(expected_lang.lower(), ignore_case=True)\nE       AssertionError: Locator expected to have text 'en'\nE       Actual value: None\nE       Error: element(s) not found \nE       Call log:\nE         - Expect \"to_have_text\" with timeout 5000ms\nE         - waiting for locator(\"[class*='language-menu__label']\")\n\npages\\home_page.py:38: AssertionError"}, "steps": [{"name": "Navigate to ''", "status": "passed", "steps": [{"name": "Handle Cookie Banner", "status": "passed", "start": 1763565827026, "stop": 1763565830032}], "parameters": [{"name": "path", "value": "''"}], "start": 1763565825549, "stop": 1763565830032}, {"name": "Verify Header Elements are visible", "status": "passed", "steps": [{"name": "Wait for element 'a[data-role='Casino']' to be visible", "status": "passed", "parameters": [{"name": "selector", "value": "'a[data-role='Casino']'"}], "start": 1763565830032, "stop": 1763565830054}], "start": 1763565830032, "stop": 1763565830075}, {"name": "Switch language to 'EN'", "status": "passed", "steps": [{"name": "Handle Cookie Banner", "status": "passed", "start": 1763565830075, "stop": 1763565833079}, {"name": "Wait for element '[class*='language-menu__label']' to be visible", "status": "passed", "parameters": [{"name": "selector", "value": "'[class*='language-menu__label']'"}], "start": 1763565833079, "stop": 1763565833108}], "parameters": [{"name": "language_code", "value": "'EN'"}], "start": 1763565830075, "stop": 1763565851395}, {"name": "Verify active language is 'EN'", "status": "failed", "statusDetails": {"message": "AssertionError: Locator expected to have text 'en'\nActual value: None\nError: element(s) not found \nCall log:\n  - Expect \"to_have_text\" with timeout 5000ms\n  - waiting for locator(\"[class*='language-menu__label']\")\n\n", "trace": "  File \"S:\\playwright\\venv\\Lib\\site-packages\\allure_commons\\_allure.py\", line 202, in impl\n    return func(*a, **kw)\n           ^^^^^^^^^^^^^^\n  File \"S:\\playwright\\pages\\home_page.py\", line 38, in verify_active_language\n    expect(self.page.locator(self.active_lang_display)).to_have_text(expected_lang.lower(), ignore_case=True)\n  File \"S:\\playwright\\venv\\Lib\\site-packages\\playwright\\sync_api\\_generated.py\", line 20011, in to_have_text\n    self._sync(\n  File \"S:\\playwright\\venv\\Lib\\site-packages\\playwright\\_impl\\_sync_base.py\", line 115, in _sync\n    return task.result()\n           ^^^^^^^^^^^^^\n  File \"S:\\playwright\\venv\\Lib\\site-packages\\playwright\\_impl\\_assertions.py\", line 561, in to_have_text\n    await self._expect_impl(\n  File \"S:\\playwright\\venv\\Lib\\site-packages\\playwright\\_impl\\_assertions.py\", line 85, in _expect_impl\n    raise AssertionError(\n"}, "parameters": [{"name": "expected_lang", "value": "'EN'"}], "start": 1763565851396, "stop": 1763565856401}], "attachments": [{"name": "Failure: tests-test-scenarios-py-test-header-language-switching", "source": "7fa6d5b4-f053-4deb-96a7-307609278c3c-attachment.png", "type": "image/png"}, {"name": "stdout", "source": "f754a3ef-7af1-4060-b448-9e0d677c0b2c-attachment.txt", "type": "text/plain"}], "start": 1763565825549, "stop": 1763565856402, "uuid": "a625eb4c-6793-4ce6-8438-1503c17b914d", "historyId": "8a5ec20c8e427944db53c145e73c00f7", "testCaseId": "8a5ec20c8e427944db53c145e73c00f7", "fullName": "tests.test_scenarios#test_header_language_switching", "labels": [{"name": "story", "value": "Language Switcher"}, {"name": "severity", "value": "critical"}, {"name": "feature", "value": "Header Navigation"}, {"name": "parentSuite", "value": "tests"}, {"name": "suite", "value": "test_scenarios"}, {"name": "host", "value": "DESKTOP-4T6GP28"}, {"name": "thread", "value": "184080-MainThread"}, {"name": "framework", "value": "pytest"}, {"name": "language", "value": "cpython3"}, {"name": "package", "value": "tests.test_scenarios"}], "titlePath": ["tests", "test_scenarios.py"]}