{"name": "test_promotions_filtering", "status": "failed", "statusDetails": {"message": "AssertionError: Locator expected to be visible\nActual value: None\nError: element(s) not found \nCall log:\n  - Expect \"to_be_visible\" with timeout 5000ms\n  - waiting for locator(\"h1\")", "trace": "page = <Page url='https://www.optibet.lv/promotion/sporta-likmes-starta-bonuss'>\n\n    @allure.feature(\"Promotions\")\n    @allure.story(\"Filter Promotions\")\n    def test_promotions_filtering(page):\n        apply_stealth(page)\n    \n        promo_page = PromotionsPage(page)\n    \n        # 1. Navigate to Promotions page\n        promo_page.open()\n        print(\"1. Navigated to Promotions page\")\n    \n        # 2. Verify Promotion cards list is visible\n        promo_page.verify_promotions_list()\n        print(\"2. Verified list visibility and content\")\n    \n        # 3. Apply different filters/categories\n        categories = [\"Casino\", \"Sports\"]\n    \n        for category in categories:\n            promo_page.filter_by(category)\n            print(f\"3. Applied filter: {category}\")\n    \n            # 4. Verify list is not empty and content is valid\n            promo_page.verify_promotions_list()\n            print(f\"4. Verified list content for {category}\")\n    \n        # 5. (Optional) Verify detailed page\n>       promo_page.verify_detailed_page()\n\ntests\\test_scenarios.py:83: \n_ _ _ _ _ _ _ _ _ _ _ _ _ _ _ _ _ _ _ _ _ _ _ _ _ _ _ _ _ _ _ _ _ _ _ _ _ _ _ _ _ _ _ _ _ _ _ _ _ _ _ _ _ _ _ _ _ _ _ _ _ _ _ _ _ _ _ _ _ _ _ _ _ _ _ _ _ _ _ _ _ _ _ _ _ _ _ _ _ _ _ _ _ _ _ _ _ _ _ _ \n\nself = <pages.promotions_page.PromotionsPage object at 0x0000024E85093500>\n\n    @allure.step(\"Verify detailed page opens\")\n    def verify_detailed_page(self):\n        first_card = self.page.locator(self.promo_cards).first\n        first_card.click()\n        self.page.wait_for_load_state(\"domcontentloaded\")\n        assert \"/promotion/\" in self.page.url or \"/piedavajumi/\" in self.page.url\n>       expect(self.page.locator(\"h1\")).to_be_visible()\nE       AssertionError: Locator expected to be visible\nE       Actual value: None\nE       Error: element(s) not found \nE       Call log:\nE         - Expect \"to_be_visible\" with timeout 5000ms\nE         - waiting for locator(\"h1\")\n\npages\\promotions_page.py:55: AssertionError"}, "steps": [{"name": "Navigate to Promotions Page", "status": "passed", "steps": [{"name": "Navigate to '/promotions'", "status": "passed", "steps": [{"name": "Handle Cookie Banner", "status": "passed", "start": 1763568132301, "stop": 1763568132425}], "parameters": [{"name": "path", "value": "'/promotions'"}], "start": 1763568130849, "stop": 1763568132425}], "start": 1763568130849, "stop": 1763568134079}, {"name": "Verify promotion cards are displayed and valid", "status": "passed", "start": 1763568134079, "stop": 1763568134132}, {"name": "Filter promotions by 'Casino'", "status": "passed", "parameters": [{"name": "category", "value": "'Casino'"}], "start": 1763568134132, "stop": 1763568136229}, {"name": "Verify promotion cards are displayed and valid", "status": "passed", "start": 1763568136230, "stop": 1763568136264}, {"name": "Filter promotions by 'Sports'", "status": "passed", "parameters": [{"name": "category", "value": "'Sports'"}], "start": 1763568136264, "stop": 1763568138342}, {"name": "Verify promotion cards are displayed and valid", "status": "passed", "start": 1763568138343, "stop": 1763568138376}, {"name": "Verify detailed page opens", "status": "failed", "statusDetails": {"message": "AssertionError: Locator expected to be visible\nActual value: None\nError: element(s) not found \nCall log:\n  - Expect \"to_be_visible\" with timeout 5000ms\n  - waiting for locator(\"h1\")\n\n", "trace": "  File \"S:\\playwright\\venv\\Lib\\site-packages\\allure_commons\\_allure.py\", line 202, in impl\n    return func(*a, **kw)\n           ^^^^^^^^^^^^^^\n  File \"S:\\playwright\\pages\\promotions_page.py\", line 55, in verify_detailed_page\n    expect(self.page.locator(\"h1\")).to_be_visible()\n  File \"S:\\playwright\\venv\\Lib\\site-packages\\playwright\\sync_api\\_generated.py\", line 20454, in to_be_visible\n    self._sync(self._impl_obj.to_be_visible(visible=visible, timeout=timeout))\n  File \"S:\\playwright\\venv\\Lib\\site-packages\\playwright\\_impl\\_sync_base.py\", line 115, in _sync\n    return task.result()\n           ^^^^^^^^^^^^^\n  File \"S:\\playwright\\venv\\Lib\\site-packages\\playwright\\_impl\\_assertions.py\", line 765, in to_be_visible\n    await self._expect_impl(\n  File \"S:\\playwright\\venv\\Lib\\site-packages\\playwright\\_impl\\_assertions.py\", line 85, in _expect_impl\n    raise AssertionError(\n"}, "start": 1763568138376, "stop": 1763568144443}], "attachments": [{"name": "Failure: tests-test-scenarios-py-test-promotions-filtering", "source": "03e84b0b-428b-40e1-9001-64d86a0798d3-attachment.png", "type": "image/png"}], "start": 1763568130839, "stop": 1763568144444, "uuid": "a39a0a94-700c-4ca6-89d4-c4177ba12335", "historyId": "cfd888ea12c415420fb92ad2ccc7d199", "testCaseId": "cfd888ea12c415420fb92ad2ccc7d199", "fullName": "tests.test_scenarios#test_promotions_filtering", "labels": [{"name": "feature", "value": "Promotions"}, {"name": "story", "value": "Filter Promotions"}, {"name": "parentSuite", "value": "tests"}, {"name": "suite", "value": "test_scenarios"}, {"name": "host", "value": "DESKTOP-4T6GP28"}, {"name": "thread", "value": "195428-MainThread"}, {"name": "framework", "value": "pytest"}, {"name": "language", "value": "cpython3"}, {"name": "package", "value": "tests.test_scenarios"}], "titlePath": ["tests", "test_scenarios.py"]}