{"name": "test_promotions_filtering", "status": "failed", "statusDetails": {"message": "AssertionError: No promotion cards found!", "trace": "page = <Page url='https://www.optibet.lv/promotions'>\n\n    @allure.feature(\"Promotions\")\n    @allure.story(\"Filter Promotions\")\n    def test_promotions_filtering(page):\n        promo_page = PromotionsPage(page)\n        promo_page.open()\n        promo_page.filter_by(\"Casino\")\n>       promo_page.verify_promotions_list()\n\ntests\\test_scenarios.py:26: \n_ _ _ _ _ _ _ _ _ _ _ _ _ _ _ _ _ _ _ _ _ _ _ _ _ _ _ _ _ _ _ _ _ _ _ _ _ _ _ _ _ _ _ _ _ _ _ _ _\n\nself = <pages.promotions_page.PromotionsPage object at 0x00000249A05C4650>\n\n    @allure.step(\"Verify promotion cards are displayed and valid\")\n    def verify_promotions_list(self):\n        try:\n            self.page.wait_for_selector(self.promo_cards, timeout=5000)\n        except:\n            pass\n        count = self.page.locator(self.promo_cards).count()\n>       assert count > 0, \"No promotion cards found!\"\n               ^^^^^^^^^\nE       AssertionError: No promotion cards found!\n\npages\\promotions_page.py:35: AssertionError"}, "steps": [{"name": "Navigate to Promotions Page", "status": "passed", "steps": [{"name": "Navigate to '/promotions'", "status": "passed", "parameters": [{"name": "path", "value": "'/promotions'"}], "start": 1763561456815, "stop": 1763561456877}], "start": 1763561456815, "stop": 1763561456877}, {"name": "Filter promotions by 'Casino'", "status": "passed", "parameters": [{"name": "category", "value": "'Casino'"}], "start": 1763561456877, "stop": 1763561487902}, {"name": "Verify promotion cards are displayed and valid", "status": "failed", "statusDetails": {"message": "AssertionError: No promotion cards found!\n", "trace": "  File \"S:\\playwright\\venv\\Lib\\site-packages\\allure_commons\\_allure.py\", line 202, in impl\n    return func(*a, **kw)\n           ^^^^^^^^^^^^^^\n  File \"S:\\playwright\\pages\\promotions_page.py\", line 35, in verify_promotions_list\n    assert count > 0, \"No promotion cards found!\"\n           ^^^^^^^^^\n"}, "start": 1763561487902, "stop": 1763561492922}], "attachments": [{"name": "Failure Screenshot: tests-test-scenarios-py-test-promotions-filtering", "source": "07bb5061-f886-4452-8d8f-695a27392eaa-attachment.png", "type": "image/png"}, {"name": "stdout", "source": "4f383f2c-ce18-4cbf-948d-d56eb1f7240c-attachment.txt", "type": "text/plain"}], "start": 1763561456814, "stop": 1763561492923, "uuid": "cf549f67-85e7-4e86-8e91-ce6cb9d2b171", "historyId": "cfd888ea12c415420fb92ad2ccc7d199", "testCaseId": "cfd888ea12c415420fb92ad2ccc7d199", "fullName": "tests.test_scenarios#test_promotions_filtering", "labels": [{"name": "feature", "value": "Promotions"}, {"name": "story", "value": "Filter Promotions"}, {"name": "parentSuite", "value": "tests"}, {"name": "suite", "value": "test_scenarios"}, {"name": "host", "value": "DESKTOP-4T6GP28"}, {"name": "thread", "value": "166944-MainThread"}, {"name": "framework", "value": "pytest"}, {"name": "language", "value": "cpython3"}, {"name": "package", "value": "tests.test_scenarios"}], "titlePath": ["tests", "test_scenarios.py"]}